RUN	test1	test1	1651807112993	 	3.7.6
USER	test1	START	1651807114140
REQUEST		request_0	1651807114237	1651807114299	OK	 
REQUEST		request_1	1651807118324	1651807118362	OK	 
REQUEST		request_3	1651807118414	1651807118581	OK	 
REQUEST		request_2	1651807118392	1651807118587	OK	 
REQUEST		request_4	1651807118461	1651807118668	OK	 
REQUEST		request_5	1651807127683	1651807128001	OK	 
REQUEST		request_6	1651807128366	1651807128861	OK	 
REQUEST		request_10	1651807128713	1651807128920	OK	 
REQUEST		request_29	1651807128715	1651807128921	OK	 
REQUEST		request_32	1651807128716	1651807128922	OK	 
REQUEST		request_16	1651807128844	1651807128937	OK	 
REQUEST		request_31	1651807128862	1651807128938	OK	 
REQUEST		request_27	1651807128116	1651807128938	OK	 
REQUEST		request_33	1651807128164	1651807128950	OK	 
REQUEST		request_17	1651807128268	1651807128952	OK	 
REQUEST		request_23	1651807128028	1651807128962	OK	 
REQUEST		request_12	1651807128263	1651807128963	OK	 
REQUEST		request_19	1651807128542	1651807128968	OK	 
REQUEST		request_21	1651807128821	1651807128973	OK	 
REQUEST		request_25	1651807128671	1651807128980	OK	 
REQUEST		request_30	1651807128784	1651807129010	OK	 
REQUEST		request_15	1651807128266	1651807129036	OK	 
REQUEST		request_9	1651807128371	1651807129062	OK	 
REQUEST		request_28	1651807128364	1651807129080	OK	 
REQUEST		request_11	1651807128373	1651807129101	OK	 
REQUEST		request_7	1651807128368	1651807129119	OK	 
REQUEST		request_13	1651807128374	1651807129137	OK	 
REQUEST		request_26	1651807128718	1651807129140	OK	 
REQUEST		request_8	1651807128370	1651807129156	OK	 
REQUEST		request_9 Redirect 1	1651807129066	1651807129177	OK	 
REQUEST		request_24	1651807128338	1651807129310	OK	 
REQUEST		request_20	1651807128375	1651807129417	OK	 
REQUEST		request_34	1651807130432	1651807130811	OK	 
REQUEST		request_35	1651807130815	1651807130954	OK	 
REQUEST		request_36	1651807132969	1651807133307	OK	 
USER	test1	END	1651807133334
